<?xml version="1.0" encoding="UTF-8"?>
<!-- Generated by org.testng.reporters.JUnitReportReporter -->
<testsuite hostname="DESKTOP-R771O15" failures="0" tests="1" name="CarRentalsPageTest" time="27.893" errors="0" timestamp="17 Dec 2022 17:15:16 GMT" skipped="0">
  <testcase classname="CarRentalsPageTest" name="bookAVehicleTest" time="27.893"/>
</testsuite> <!-- CarRentalsPageTest -->
